<?xml version="1.0" encoding="UTF-8"?>
<testng-results skipped="0" failed="0" total="1" passed="1">
  <reporter-output>
  </reporter-output>
  <suite name="Page Object test example" duration-ms="46468" started-at="2017-08-08T08:13:52Z" finished-at="2017-08-08T08:14:39Z">
    <groups>
      <group name="sanity">
        <method signature="TestGetCar.test()[pri:0, instance:TestScripts.TestGetCar@be92ad]" name="test" class="TestScripts.TestGetCar"/>
      </group> <!-- sanity -->
    </groups>
    <test name="sample test" duration-ms="46468" started-at="2017-08-08T08:13:52Z" finished-at="2017-08-08T08:14:39Z">
      <class name="TestScripts.TestGetCar">
        <test-method status="PASS" signature="initializeTestBaseSetup(java.lang.String, java.lang.String)[pri:0, instance:TestScripts.TestGetCar@be92ad]" name="initializeTestBaseSetup" is-config="true" duration-ms="8183" started-at="2017-08-08T16:13:52Z" finished-at="2017-08-08T16:14:01Z">
          <params>
            <param index="0">
              <value>
                <![CDATA[iexplore]]>
              </value>
            </param>
            <param index="1">
              <value>
                <![CDATA[http://sydneytesters.herokuapp.com/]]>
              </value>
            </param>
          </params>
          <reporter-output>
          </reporter-output>
        </test-method> <!-- initializeTestBaseSetup -->
        <test-method status="PASS" signature="test()[pri:0, instance:TestScripts.TestGetCar@be92ad]" name="test" duration-ms="37106" started-at="2017-08-08T16:14:01Z" finished-at="2017-08-08T16:14:38Z">
          <reporter-output>
          </reporter-output>
        </test-method> <!-- test -->
        <test-method status="PASS" signature="afterClass()[pri:0, instance:TestScripts.TestGetCar@be92ad]" name="afterClass" is-config="true" duration-ms="1164" started-at="2017-08-08T16:14:38Z" finished-at="2017-08-08T16:14:39Z">
          <reporter-output>
          </reporter-output>
        </test-method> <!-- afterClass -->
      </class> <!-- TestScripts.TestGetCar -->
    </test> <!-- sample test -->
  </suite> <!-- Page Object test example -->
</testng-results>
